Module for R version 3.3.0.gcc loaded
Module for gdal version 2.1.1 loaded
Module for Python 2.7 from Intel Parallel Studio 2017 loaded
For osgeo, please add: module load gdal
Computation started at Mo 23. Okt 14:51:29 CEST 2017
Add edges
Input file size is 6137, 3074
0...10...20...30...40...50...60...70...80...90...100 - done.
 vectorize
outline does not exist
Warning 1: The dataset has several variables that could be identified as vector fields, but not all share the same primary dimension. Consequently they will be ignored.
Input file size is 3844, 1925
0...10...20...30...40...50...60...70...80...90...100 - done.
Warnmeldung:
Paket ‘foreach’ wurde unter R Version 3.3.3 erstellt 
Lade nötiges Paket: iterators
Lade nötiges Paket: parallel
Lade nötiges Paket: methods

Attache Paket: ‘raster’

The following object is masked from ‘package:nlme’:

    getData

File Recovery/kriging_radius_inside.nc (NC_FORMAT_CLASSIC):

     2 variables (excluding dimension variables):
        char polar_stereographic[]   
            grid_mapping_name: polar_stereographic
            straight_vertical_longitude_from_pole: 0
            false_easting: 0
            false_northing: 0
            latitude_of_projection_origin: -90
            standard_parallel: -71
            long_name: CRS definition
            longitude_of_prime_meridian: 0
            semi_major_axis: 6378137
            inverse_flattening: 298.257223563
            spatial_ref: PROJCS["unnamed",GEOGCS["WGS 84",DATUM["WGS_1984",SPHEROID["WGS 84",6378137,298.257223563,AUTHORITY["EPSG","7030"]],AUTHORITY["EPSG","6326"]],PRIMEM["Greenwich",0],UNIT["degree",0.0174532925199433],AUTHORITY["EPSG","4326"]],PROJECTION["Polar_Stereographic"],PARAMETER["latitude_of_origin",-71],PARAMETER["central_meridian",0],PARAMETER["scale_factor",1],PARAMETER["false_easting",0],PARAMETER["false_northing",0],UNIT["metre",1,AUTHORITY["EPSG","9001"]]]
            GeoTransform: -650438.122305 250 0 1027458.0336 0 -250 
        double Band1[x,y]   
            long_name: GDAL Band Number 1
            _FillValue: 9.96920996838687e+36
            grid_mapping: polar_stereographic

     2 dimensions:
        x  Size:3844
            standard_name: projection_x_coordinate
            long_name: x coordinate of projection
            units: m
        y  Size:1925
            standard_name: projection_y_coordinate
            long_name: y coordinate of projection
            units: m

    4 global attributes:
        GDAL_AREA_OR_POINT: Area
        Conventions: CF-1.5
        GDAL: GDAL 2.1.1, released 2016/07/07
        history: Mon Oct 23 15:31:55 2017: GDAL CreateCopy( Recovery/kriging_radius_inside.nc, ... )
[1] "ok"
[1] 7399700
slurmstepd: error: Step 1332841.0 exceeded memory limit (1764188 > 1702912), being killed
slurmstepd: error: Exceeded job memory limit
srun: Job step aborted: Waiting up to 32 seconds for job step to finish.
slurmstepd: error: *** STEP 1332841.0 ON prod-0021 CANCELLED AT 2017-10-23T15:32:29 ***
srun: error: prod-0021: task 0: Killed
